<?xml version="1.0" encoding="UTF-8"?>
<!-- Generated by org.testng.reporters.JUnitReportReporter -->
<testsuite skipped="0" hostname="DESKTOP-AA4AD8I" name="com.project.November5AMMavenProject.TC_003" tests="1" failures="0" timestamp="15 Nov 2019 00:23:51 GMT" time="31.580" errors="0">
  <testcase name="amazon" time="31.580" classname="com.project.November5AMMavenProject.TC_003"/>
</testsuite> <!-- com.project.November5AMMavenProject.TC_003 -->
