<?xml version="1.0" encoding="UTF-8"?>
<!-- Generated by org.testng.reporters.JUnitReportReporter -->
<testsuite skipped="1" hostname="DESKTOP-AA4AD8I" name="com.project.November5AMMavenProject.TC_002" tests="3" failures="0" timestamp="15 Nov 2019 00:23:51 GMT" time="0.008" errors="0">
  <testcase name="a" time="0.004" classname="com.project.November5AMMavenProject.TC_002"/>
  <testcase name="f" time="0.004" classname="com.project.November5AMMavenProject.TC_002"/>
  <testcase name="z" classname="com.project.November5AMMavenProject.TC_002">
    <skipped/>
  </testcase> <!-- z -->
</testsuite> <!-- com.project.November5AMMavenProject.TC_002 -->
